生成启动时间为 2016/12/26 19:39:32。
     1>项目“E:\大三学期\编译原理\实验2\编译原理实验\编译原理实验\语法分析\语法分析\语法分析.vcxproj”在节点 2 上(Build 个目标)。
     1>ClCompile:
         C:\Program Files (x86)\Microsoft Visual Studio 11.0\VC\bin\CL.exe /c /ZI /nologo /W3 /WX- /Od /Oy- /D WIN32 /D _DEBUG /D _CONSOLE /D _UNICODE /D UNICODE /Gm /EHsc /RTC1 /MDd /GS /fp:precise /Zc:wchar_t /Zc:forScope /Fo"Debug\\" /Fd"Debug\vc110.pdb" /Gd /TP /analyze- /errorReport:prompt ErrorsInfo.cpp Lexer.cpp main.cpp Parse.cpp Pcode.cpp Token.cpp TreeNode.cpp vm.cpp
         vm.cpp
         TreeNode.cpp
         Token.cpp
     1>e:\大三学期\编译原理\实验2\编译原理实验\编译原理实验\语法分析\语法分析\token.cpp(17): warning C4244: “=”: 从“double”转换到“int”，可能丢失数据
         Pcode.cpp
         Parse.cpp
         main.cpp
     1>e:\大三学期\编译原理\实验2\编译原理实验\编译原理实验\语法分析\语法分析\main.cpp(36): warning C4996: 'freopen': This function or variable may be unsafe. Consider using freopen_s instead. To disable deprecation, use _CRT_SECURE_NO_WARNINGS. See online help for details.
                 c:\program files (x86)\microsoft visual studio 11.0\vc\include\stdio.h(233) : 参见“freopen”的声明
     1>e:\大三学期\编译原理\实验2\编译原理实验\编译原理实验\语法分析\语法分析\main.cpp(41): warning C4996: 'scanf': This function or variable may be unsafe. Consider using scanf_s instead. To disable deprecation, use _CRT_SECURE_NO_WARNINGS. See online help for details.
                 c:\program files (x86)\microsoft visual studio 11.0\vc\include\stdio.h(290) : 参见“scanf”的声明
         Lexer.cpp
     1>e:\大三学期\编译原理\实验2\编译原理实验\编译原理实验\语法分析\语法分析\lexer.cpp(472): warning C4018: “<”: 有符号/无符号不匹配
         ErrorsInfo.cpp
         正在生成代码...
       Link:
         C:\Program Files (x86)\Microsoft Visual Studio 11.0\VC\bin\link.exe /ERRORREPORT:PROMPT /OUT:"E:\大三学期\编译原理\实验2\编译原理实验\编译原理实验\语法分析\Debug\语法分析.exe" /INCREMENTAL /NOLOGO kernel32.lib user32.lib gdi32.lib winspool.lib comdlg32.lib advapi32.lib shell32.lib ole32.lib oleaut32.lib uuid.lib odbc32.lib odbccp32.lib /MANIFEST /MANIFESTUAC:"level='asInvoker' uiAccess='false'" /manifest:embed /DEBUG /PDB:"E:\大三学期\编译原理\实验2\编译原理实验\编译原理实验\语法分析\Debug\语法分析.pdb" /SUBSYSTEM:CONSOLE /TLBID:1 /DYNAMICBASE /NXCOMPAT /IMPLIB:"E:\大三学期\编译原理\实验2\编译原理实验\编译原理实验\语法分析\Debug\语法分析.lib" /MACHINE:X86 /SAFESEH Debug\ErrorsInfo.obj
         Debug\Lexer.obj
         Debug\main.obj
         Debug\Parse.obj
         Debug\Pcode.obj
         Debug\Token.obj
         Debug\TreeNode.obj
         Debug\vm.obj
     1>ErrorsInfo.obj : warning LNK4075: 忽略“/EDITANDCONTINUE”(由于“/SAFESEH”规范)
     1>LINK : fatal error LNK1207: “E:\大三学期\编译原理\实验2\编译原理实验\编译原理实验\语法分析\Debug\语法分析.pdb”中的 PDB 格式不兼容；请删除并重新生成
     1>已完成生成项目“E:\大三学期\编译原理\实验2\编译原理实验\编译原理实验\语法分析\语法分析\语法分析.vcxproj”(Build 个目标)的操作 - 失败。

生成失败。

已用时间 00:00:13.55
